<?xml version="1.0" encoding="UTF-8"?>
<testng-results ignored="0" total="1" passed="1" failed="0" skipped="0">
  <reporter-output>
  </reporter-output>
  <suite started-at="2023-02-20T15:52:44 CST" name="Default suite" finished-at="2023-02-20T15:53:02 CST" duration-ms="18777">
    <groups>
    </groups>
    <test started-at="2023-02-20T15:52:44 CST" name="Default test" finished-at="2023-02-20T15:53:02 CST" duration-ms="18777">
      <class name="tests.ExamTest">
        <test-method signature="addCategoryTest()[pri:0, instance:tests.ExamTest@61386958]" started-at="2023-02-20T15:52:44 CST" name="addCategoryTest" finished-at="2023-02-20T15:53:02 CST" duration-ms="18755" status="PASS">
          <reporter-output>
          </reporter-output>
        </test-method> <!-- addCategoryTest -->
      </class> <!-- tests.ExamTest -->
    </test> <!-- Default test -->
  </suite> <!-- Default suite -->
</testng-results>
